<?xml version="1.0" encoding="UTF-8"?>
<!-- Generated by org.testng.reporters.JUnitXMLReporter -->
<testsuite ignored="1" hostname="DESKTOP-9SQBDHC" failures="0" tests="1" name="Nopackage" time="0.052" errors="0" timestamp="2024-04-11T19:10:31 IST">
  <testcase classname="com.selenium.maven.tests.testAnnotationSeqEx" name="test" time="0.009"/>
  <testcase classname="com.selenium.maven.tests.testAnnotationSeqEx" name="test1" time="0.0">
    <ignored/>
  </testcase> <!-- test1 -->
</testsuite> <!-- Nopackage -->
