<?xml version="1.0" encoding="UTF-8"?>
<!-- Generated by org.testng.reporters.JUnitXMLReporter -->
<testsuite ignored="0" hostname="DESKTOP-9SQBDHC" failures="0" tests="4" name="Nopackage" time="8.985" errors="0" timestamp="2024-04-11T19:16:17 IST">
  <testcase classname="com.selenium.maven.tests.homePageTest" name="verifyTitle" time="0.196"/>
  <testcase classname="com.selenium.maven.tests.homePageTest" name="verifySearchBar" time="0.387"/>
  <testcase classname="com.selenium.maven.tests.homePageTest" name="verifySearchFunc" time="3.335"/>
  <testcase classname="com.selenium.maven.tests.homePageTest" name="verifySearchResult" time="5.264"/>
</testsuite> <!-- Nopackage -->
